<?xml version="1.0" encoding="utf-8"?><testsuites name="pytest tests"><testsuite name="pytest" errors="0" failures="0" skipped="0" tests="11" time="1.921" timestamp="2026-04-24T13:05:45.574941+00:00" hostname="agent-env-aefd1cb3-77bc-4d85-814c-46fb1d8afdd8"><testcase classname="backend.tests.test_opyo_api.TestHealth" name="test_root" time="0.287" /><testcase classname="backend.tests.test_opyo_api.TestHealth" name="test_health" time="0.107" /><testcase classname="backend.tests.test_opyo_api.TestProjects" name="test_projects_six_seeded" time="0.152" /><testcase classname="backend.tests.test_opyo_api.TestProjects" name="test_projects_sorted_by_order" time="0.176" /><testcase classname="backend.tests.test_opyo_api.TestPeople" name="test_people_six_seeded" time="0.113" /><testcase classname="backend.tests.test_opyo_api.TestCareers" name="test_apply_valid_full" time="0.224" /><testcase classname="backend.tests.test_opyo_api.TestCareers" name="test_apply_without_portfolio" time="0.164" /><testcase classname="backend.tests.test_opyo_api.TestCareers" name="test_apply_invalid_email" time="0.152" /><testcase classname="backend.tests.test_opyo_api.TestCareers" name="test_apply_short_name" time="0.106" /><testcase classname="backend.tests.test_opyo_api.TestCareers" name="test_apply_short_message" time="0.114" /><testcase classname="backend.tests.test_opyo_api.TestCareers" name="test_applications_sorted_desc" time="0.145" /></testsuite></testsuites>